# JRE version: OpenJDK Runtime Environment (8.0_242-b01) (build 1.8.0_242-release-1644-b01)
# Java VM: OpenJDK 64-Bit Server VM (25.242-b01 mixed mode windows-amd64 compressed oops)
Heap:
 PSYoungGen      total 209920K, used 7795K [0x00000000d5580000, 0x00000000e3000000, 0x0000000100000000)
  eden space 197120K, 0% used [0x00000000d5580000,0x00000000d5580000,0x00000000e1600000)
  from space 12800K, 60% used [0x00000000e2280000,0x00000000e2a1cd80,0x00000000e2f00000)
  to   space 12800K, 0% used [0x00000000e1600000,0x00000000e1600000,0x00000000e2280000)
 ParOldGen       total 31232K, used 13166K [0x0000000080000000, 0x0000000081e80000, 0x00000000d5580000)
  object space 31232K, 42% used [0x0000000080000000,0x0000000080cdbbb8,0x0000000081e80000)
 Metaspace       used 34149K, capacity 35308K, committed 35416K, reserved 1079296K
  class space    used 4667K, capacity 4905K, committed 4992K, reserved 1048576K
GC Heap History (10 events):
Event: 6.248 GC heap after
Heap after GC invocations=7 (full 0):
 PSYoungGen      total 71680K, used 7150K [0x00000000d5580000, 0x00000000de680000, 0x0000000100000000)
  eden space 64512K, 0% used [0x00000000d5580000,0x00000000d5580000,0x00000000d9480000)
  from space 7168K, 99% used [0x00000000d9480000,0x00000000d9b7bbb0,0x00000000d9b80000)
  to   space 9728K, 0% used [0x00000000ddd00000,0x00000000ddd00000,0x00000000de680000)
 ParOldGen       total 44032K, used 8697K [0x0000000080000000, 0x0000000082b00000, 0x00000000d5580000)
  object space 44032K, 19% used [0x0000000080000000,0x000000008087e7d8,0x0000000082b00000)
 Metaspace       used 20464K, capacity 21204K, committed 21248K, reserved 1067008K
  class space    used 2846K, capacity 3048K, committed 3072K, reserved 1048576K
}
Event: 6.271 GC heap before
{Heap before GC invocations=8 (full 0):
 PSYoungGen      total 71680K, used 9952K [0x00000000d5580000, 0x00000000de680000, 0x0000000100000000)
  eden space 64512K, 4% used [0x00000000d5580000,0x00000000d583c7d0,0x00000000d9480000)
  from space 7168K, 99% used [0x00000000d9480000,0x00000000d9b7bbb0,0x00000000d9b80000)
  to   space 9728K, 0% used [0x00000000ddd00000,0x00000000ddd00000,0x00000000de680000)
 ParOldGen       total 44032K, used 8697K [0x0000000080000000, 0x0000000082b00000, 0x00000000d5580000)
  object space 44032K, 19% used [0x0000000080000000,0x000000008087e7d8,0x0000000082b00000)
 Metaspace       used 20526K, capacity 21204K, committed 21248K, reserved 1067008K
  class space    used 2859K, capacity 3048K, committed 3072K, reserved 1048576K
Event: 6.278 GC heap after
Heap after GC invocations=8 (full 0):
 PSYoungGen      total 138752K, used 3668K [0x00000000d5580000, 0x00000000de680000, 0x0000000100000000)
  eden space 129024K, 0% used [0x00000000d5580000,0x00000000d5580000,0x00000000dd380000)
  from space 9728K, 37% used [0x00000000ddd00000,0x00000000de095040,0x00000000de680000)
  to   space 9728K, 0% used [0x00000000dd380000,0x00000000dd380000,0x00000000ddd00000)
 ParOldGen       total 44032K, used 9417K [0x0000000080000000, 0x0000000082b00000, 0x00000000d5580000)
  object space 44032K, 21% used [0x0000000080000000,0x00000000809327d8,0x0000000082b00000)
 Metaspace       used 20526K, capacity 21204K, committed 21248K, reserved 1067008K
  class space    used 2859K, capacity 3048K, committed 3072K, reserved 1048576K
}
Event: 6.279 GC heap before
{Heap before GC invocations=9 (full 1):
 PSYoungGen      total 138752K, used 3668K [0x00000000d5580000, 0x00000000de680000, 0x0000000100000000)
  eden space 129024K, 0% used [0x00000000d5580000,0x00000000d5580000,0x00000000dd380000)
  from space 9728K, 37% used [0x00000000ddd00000,0x00000000de095040,0x00000000de680000)
  to   space 9728K, 0% used [0x00000000dd380000,0x00000000dd380000,0x00000000ddd00000)
 ParOldGen       total 44032K, used 9417K [0x0000000080000000, 0x0000000082b00000, 0x00000000d5580000)
  object space 44032K, 21% used [0x0000000080000000,0x00000000809327d8,0x0000000082b00000)
 Metaspace       used 20526K, capacity 21204K, committed 21248K, reserved 1067008K
  class space    used 2859K, capacity 3048K, committed 3072K, reserved 1048576K
Event: 6.348 GC heap after
Heap after GC invocations=9 (full 1):
 PSYoungGen      total 138752K, used 0K [0x00000000d5580000, 0x00000000de680000, 0x0000000100000000)
  eden space 129024K, 0% used [0x00000000d5580000,0x00000000d5580000,0x00000000dd380000)
  from space 9728K, 0% used [0x00000000ddd00000,0x00000000ddd00000,0x00000000de680000)
  to   space 9728K, 0% used [0x00000000dd380000,0x00000000dd380000,0x00000000ddd00000)
 ParOldGen       total 31232K, used 8792K [0x0000000080000000, 0x0000000081e80000, 0x00000000d5580000)
  object space 31232K, 28% used [0x0000000080000000,0x0000000080896258,0x0000000081e80000)
 Metaspace       used 20526K, capacity 21204K, committed 21248K, reserved 1067008K
  class space    used 2859K, capacity 3048K, committed 3072K, reserved 1048576K
}
Event: 8.701 GC heap before
{Heap before GC invocations=10 (full 1):
 PSYoungGen      total 138752K, used 129024K [0x00000000d5580000, 0x00000000de680000, 0x0000000100000000)
  eden space 129024K, 100% used [0x00000000d5580000,0x00000000dd380000,0x00000000dd380000)
  from space 9728K, 0% used [0x00000000ddd00000,0x00000000ddd00000,0x00000000de680000)
  to   space 9728K, 0% used [0x00000000dd380000,0x00000000dd380000,0x00000000ddd00000)
 ParOldGen       total 31232K, used 8792K [0x0000000080000000, 0x0000000081e80000, 0x00000000d5580000)
  object space 31232K, 28% used [0x0000000080000000,0x0000000080896258,0x0000000081e80000)
 Metaspace       used 32911K, capacity 33968K, committed 34176K, reserved 1079296K
  class space    used 4470K, capacity 4722K, committed 4736K, reserved 1048576K
Event: 8.720 GC heap after
Heap after GC invocations=10 (full 1):
 PSYoungGen      total 138752K, used 9716K [0x00000000d5580000, 0x00000000e2f00000, 0x0000000100000000)
  eden space 129024K, 0% used [0x00000000d5580000,0x00000000d5580000,0x00000000dd380000)
  from space 9728K, 99% used [0x00000000dd380000,0x00000000ddcfd010,0x00000000ddd00000)
  to   space 12800K, 0% used [0x00000000e2280000,0x00000000e2280000,0x00000000e2f00000)
 ParOldGen       total 31232K, used 13158K [0x0000000080000000, 0x0000000081e80000, 0x00000000d5580000)
  object space 31232K, 42% used [0x0000000080000000,0x0000000080cd9bb8,0x0000000081e80000)
 Metaspace       used 32911K, capacity 33968K, committed 34176K, reserved 1079296K
  class space    used 4470K, capacity 4722K, committed 4736K, reserved 1048576K
}
Event: 9.077 GC heap before
{Heap before GC invocations=11 (full 1):
 PSYoungGen      total 138752K, used 35418K [0x00000000d5580000, 0x00000000e2f00000, 0x0000000100000000)
  eden space 129024K, 19% used [0x00000000d5580000,0x00000000d6e99b98,0x00000000dd380000)
  from space 9728K, 99% used [0x00000000dd380000,0x00000000ddcfd010,0x00000000ddd00000)
  to   space 12800K, 0% used [0x00000000e2280000,0x00000000e2280000,0x00000000e2f00000)
 ParOldGen       total 31232K, used 13158K [0x0000000080000000, 0x0000000081e80000, 0x00000000d5580000)
  object space 31232K, 42% used [0x0000000080000000,0x0000000080cd9bb8,0x0000000081e80000)
 Metaspace       used 34149K, capacity 35308K, committed 35416K, reserved 1079296K
  class space    used 4667K, capacity 4905K, committed 4992K, reserved 1048576K
Event: 9.124 GC heap after
Heap after GC invocations=11 (full 1):
 PSYoungGen      total 209920K, used 7795K [0x00000000d5580000, 0x00000000e3000000, 0x0000000100000000)
  eden space 197120K, 0% used [0x00000000d5580000,0x00000000d5580000,0x00000000e1600000)
  from space 12800K, 60% used [0x00000000e2280000,0x00000000e2a1cd80,0x00000000e2f00000)
  to   space 12800K, 0% used [0x00000000e1600000,0x00000000e1600000,0x00000000e2280000)
 ParOldGen       total 31232K, used 13166K [0x0000000080000000, 0x0000000081e80000, 0x00000000d5580000)
  object space 31232K, 42% used [0x0000000080000000,0x0000000080cdbbb8,0x0000000081e80000)
 Metaspace       used 34149K, capacity 35308K, committed 35416K, reserved 1079296K
  class space    used 4667K, capacity 4905K, committed 4992K, reserved 1048576K
}
Event: 9.124 GC heap before
{Heap before GC invocations=12 (full 2):
 PSYoungGen      total 209920K, used 7795K [0x00000000d5580000, 0x00000000e3000000, 0x0000000100000000)
  eden space 197120K, 0% used [0x00000000d5580000,0x00000000d5580000,0x00000000e1600000)
  from space 12800K, 60% used [0x00000000e2280000,0x00000000e2a1cd80,0x00000000e2f00000)
  to   space 12800K, 0% used [0x00000000e1600000,0x00000000e1600000,0x00000000e2280000)
 ParOldGen       total 31232K, used 13166K [0x0000000080000000, 0x0000000081e80000, 0x00000000d5580000)
  object space 31232K, 42% used [0x0000000080000000,0x0000000080cdbbb8,0x0000000081e80000)
 Metaspace       used 34149K, capacity 35308K, committed 35416K, reserved 1079296K
  class space    used 4667K, capacity 4905K, committed 4992K, reserved 1048576K

