# JRE version: OpenJDK Runtime Environment (8.0_242-b01) (build 1.8.0_242-release-1644-b01)
# Java VM: OpenJDK 64-Bit Server VM (25.242-b01 mixed mode windows-amd64 compressed oops)
Heap:
 PSYoungGen      total 367616K, used 107344K [0x00000000d5580000, 0x00000000efe00000, 0x0000000100000000)
  eden space 334848K, 25% used [0x00000000d5580000,0x00000000daa49890,0x00000000e9c80000)
  from space 32768K, 62% used [0x00000000e9c80000,0x00000000eb08ab40,0x00000000ebc80000)
  to   space 32768K, 0% used [0x00000000ede00000,0x00000000ede00000,0x00000000efe00000)
 ParOldGen       total 189952K, used 65239K [0x0000000080000000, 0x000000008b980000, 0x00000000d5580000)
  object space 189952K, 34% used [0x0000000080000000,0x0000000083fb5d88,0x000000008b980000)
 Metaspace       used 97116K, capacity 103252K, committed 103512K, reserved 1138688K
  class space    used 12689K, capacity 13786K, committed 13952K, reserved 1048576K
GC Heap History (10 events):
Event: 616.762 GC heap before
{Heap before GC invocations=21 (full 3):
 PSYoungGen      total 305152K, used 305139K [0x00000000d5580000, 0x00000000eb800000, 0x0000000100000000)
  eden space 283648K, 100% used [0x00000000d5580000,0x00000000e6a80000,0x00000000e6a80000)
  from space 21504K, 99% used [0x00000000e6a80000,0x00000000e7f7cd50,0x00000000e7f80000)
  to   space 25600K, 0% used [0x00000000e9f00000,0x00000000e9f00000,0x00000000eb800000)
 ParOldGen       total 122368K, used 49448K [0x0000000080000000, 0x0000000087780000, 0x00000000d5580000)
  object space 122368K, 40% used [0x0000000080000000,0x000000008304a0f8,0x0000000087780000)
 Metaspace       used 83965K, capacity 88774K, committed 89048K, reserved 1126400K
  class space    used 10766K, capacity 11670K, committed 11776K, reserved 1048576K
Event: 616.870 GC heap after
Heap after GC invocations=21 (full 3):
 PSYoungGen      total 331264K, used 20712K [0x00000000d5580000, 0x00000000eb700000, 0x0000000100000000)
  eden space 306688K, 0% used [0x00000000d5580000,0x00000000d5580000,0x00000000e8100000)
  from space 24576K, 84% used [0x00000000e9f00000,0x00000000eb33a3a8,0x00000000eb700000)
  to   space 27648K, 0% used [0x00000000e8100000,0x00000000e8100000,0x00000000e9c00000)
 ParOldGen       total 122368K, used 50380K [0x0000000080000000, 0x0000000087780000, 0x00000000d5580000)
  object space 122368K, 41% used [0x0000000080000000,0x0000000083133108,0x0000000087780000)
 Metaspace       used 83965K, capacity 88774K, committed 89048K, reserved 1126400K
  class space    used 10766K, capacity 11670K, committed 11776K, reserved 1048576K
}
Event: 620.134 GC heap before
{Heap before GC invocations=22 (full 3):
 PSYoungGen      total 331264K, used 156458K [0x00000000d5580000, 0x00000000eb700000, 0x0000000100000000)
  eden space 306688K, 44% used [0x00000000d5580000,0x00000000dda105e8,0x00000000e8100000)
  from space 24576K, 84% used [0x00000000e9f00000,0x00000000eb33a3a8,0x00000000eb700000)
  to   space 27648K, 0% used [0x00000000e8100000,0x00000000e8100000,0x00000000e9c00000)
 ParOldGen       total 122368K, used 50380K [0x0000000080000000, 0x0000000087780000, 0x00000000d5580000)
  object space 122368K, 41% used [0x0000000080000000,0x0000000083133108,0x0000000087780000)
 Metaspace       used 92563K, capacity 98216K, committed 98380K, reserved 1134592K
  class space    used 12110K, capacity 13199K, committed 13312K, reserved 1048576K
Event: 620.185 GC heap after
Heap after GC invocations=22 (full 3):
 PSYoungGen      total 334336K, used 27633K [0x00000000d5580000, 0x00000000edc00000, 0x0000000100000000)
  eden space 306688K, 0% used [0x00000000d5580000,0x00000000d5580000,0x00000000e8100000)
  from space 27648K, 99% used [0x00000000e8100000,0x00000000e9bfc6b0,0x00000000e9c00000)
  to   space 32256K, 0% used [0x00000000ebc80000,0x00000000ebc80000,0x00000000edc00000)
 ParOldGen       total 122368K, used 52836K [0x0000000080000000, 0x0000000087780000, 0x00000000d5580000)
  object space 122368K, 43% used [0x0000000080000000,0x0000000083399270,0x0000000087780000)
 Metaspace       used 92563K, capacity 98216K, committed 98380K, reserved 1134592K
  class space    used 12110K, capacity 13199K, committed 13312K, reserved 1048576K
}
Event: 620.185 GC heap before
{Heap before GC invocations=23 (full 4):
 PSYoungGen      total 334336K, used 27633K [0x00000000d5580000, 0x00000000edc00000, 0x0000000100000000)
  eden space 306688K, 0% used [0x00000000d5580000,0x00000000d5580000,0x00000000e8100000)
  from space 27648K, 99% used [0x00000000e8100000,0x00000000e9bfc6b0,0x00000000e9c00000)
  to   space 32256K, 0% used [0x00000000ebc80000,0x00000000ebc80000,0x00000000edc00000)
 ParOldGen       total 122368K, used 52836K [0x0000000080000000, 0x0000000087780000, 0x00000000d5580000)
  object space 122368K, 43% used [0x0000000080000000,0x0000000083399270,0x0000000087780000)
 Metaspace       used 92563K, capacity 98216K, committed 98380K, reserved 1134592K
  class space    used 12110K, capacity 13199K, committed 13312K, reserved 1048576K
Event: 620.790 GC heap after
Heap after GC invocations=23 (full 4):
 PSYoungGen      total 334336K, used 0K [0x00000000d5580000, 0x00000000edc00000, 0x0000000100000000)
  eden space 306688K, 0% used [0x00000000d5580000,0x00000000d5580000,0x00000000e8100000)
  from space 27648K, 0% used [0x00000000e8100000,0x00000000e8100000,0x00000000e9c00000)
  to   space 32256K, 0% used [0x00000000ebc80000,0x00000000ebc80000,0x00000000edc00000)
 ParOldGen       total 189952K, used 65231K [0x0000000080000000, 0x000000008b980000, 0x00000000d5580000)
  object space 189952K, 34% used [0x0000000080000000,0x0000000083fb3d88,0x000000008b980000)
 Metaspace       used 86241K, capacity 91292K, committed 98380K, reserved 1134592K
  class space    used 11354K, capacity 12255K, committed 13312K, reserved 1048576K
}
Event: 628.726 GC heap before
{Heap before GC invocations=24 (full 4):
 PSYoungGen      total 334336K, used 306688K [0x00000000d5580000, 0x00000000edc00000, 0x0000000100000000)
  eden space 306688K, 100% used [0x00000000d5580000,0x00000000e8100000,0x00000000e8100000)
  from space 27648K, 0% used [0x00000000e8100000,0x00000000e8100000,0x00000000e9c00000)
  to   space 32256K, 0% used [0x00000000ebc80000,0x00000000ebc80000,0x00000000edc00000)
 ParOldGen       total 189952K, used 65231K [0x0000000080000000, 0x000000008b980000, 0x00000000d5580000)
  object space 189952K, 34% used [0x0000000080000000,0x0000000083fb3d88,0x000000008b980000)
 Metaspace       used 90361K, capacity 95976K, committed 98892K, reserved 1134592K
  class space    used 11857K, capacity 12835K, committed 13312K, reserved 1048576K
Event: 628.866 GC heap after
Heap after GC invocations=24 (full 4):
 PSYoungGen      total 367104K, used 20051K [0x00000000d5580000, 0x00000000ee680000, 0x0000000100000000)
  eden space 334848K, 0% used [0x00000000d5580000,0x00000000d5580000,0x00000000e9c80000)
  from space 32256K, 62% used [0x00000000ebc80000,0x00000000ed014d00,0x00000000edc00000)
  to   space 32768K, 0% used [0x00000000e9c80000,0x00000000e9c80000,0x00000000ebc80000)
 ParOldGen       total 189952K, used 65231K [0x0000000080000000, 0x000000008b980000, 0x00000000d5580000)
  object space 189952K, 34% used [0x0000000080000000,0x0000000083fb3d88,0x000000008b980000)
 Metaspace       used 90361K, capacity 95976K, committed 98892K, reserved 1134592K
  class space    used 11857K, capacity 12835K, committed 13312K, reserved 1048576K
}
Event: 824.357 GC heap before
{Heap before GC invocations=25 (full 4):
 PSYoungGen      total 367104K, used 354899K [0x00000000d5580000, 0x00000000ee680000, 0x0000000100000000)
  eden space 334848K, 100% used [0x00000000d5580000,0x00000000e9c80000,0x00000000e9c80000)
  from space 32256K, 62% used [0x00000000ebc80000,0x00000000ed014d00,0x00000000edc00000)
  to   space 32768K, 0% used [0x00000000e9c80000,0x00000000e9c80000,0x00000000ebc80000)
 ParOldGen       total 189952K, used 65231K [0x0000000080000000, 0x000000008b980000, 0x00000000d5580000)
  object space 189952K, 34% used [0x0000000080000000,0x0000000083fb3d88,0x000000008b980000)
 Metaspace       used 95415K, capacity 101282K, committed 101464K, reserved 1136640K
  class space    used 12485K, capacity 13518K, committed 13696K, reserved 1048576K
Event: 824.384 GC heap after
Heap after GC invocations=25 (full 4):
 PSYoungGen      total 367616K, used 20522K [0x00000000d5580000, 0x00000000efe00000, 0x0000000100000000)
  eden space 334848K, 0% used [0x00000000d5580000,0x00000000d5580000,0x00000000e9c80000)
  from space 32768K, 62% used [0x00000000e9c80000,0x00000000eb08ab40,0x00000000ebc80000)
  to   space 32768K, 0% used [0x00000000ede00000,0x00000000ede00000,0x00000000efe00000)
 ParOldGen       total 189952K, used 65239K [0x0000000080000000, 0x000000008b980000, 0x00000000d5580000)
  object space 189952K, 34% used [0x0000000080000000,0x0000000083fb5d88,0x000000008b980000)
 Metaspace       used 95415K, capacity 101282K, committed 101464K, reserved 1136640K
  class space    used 12485K, capacity 13518K, committed 13696K, reserved 1048576K
}

