# JRE version: OpenJDK Runtime Environment (8.0_242-b01) (build 1.8.0_242-release-1644-b01)
# Java VM: OpenJDK 64-Bit Server VM (25.242-b01 mixed mode windows-amd64 compressed oops)
Heap:
 PSYoungGen      total 423936K, used 181540K [0x00000000d5580000, 0x00000000f1580000, 0x0000000100000000)
  eden space 398336K, 45% used [0x00000000d5580000,0x00000000e06c9260,0x00000000eda80000)
  from space 25600K, 0% used [0x00000000efc80000,0x00000000efc80000,0x00000000f1580000)
  to   space 30208K, 0% used [0x00000000eda80000,0x00000000eda80000,0x00000000ef800000)
 ParOldGen       total 175104K, used 61627K [0x0000000080000000, 0x000000008ab00000, 0x00000000d5580000)
  object space 175104K, 35% used [0x0000000080000000,0x0000000083c2efb0,0x000000008ab00000)
 Metaspace       used 94080K, capacity 98444K, committed 98636K, reserved 1134592K
  class space    used 12348K, capacity 13259K, committed 13312K, reserved 1048576K
GC Heap History (10 events):
Event: 42.803 GC heap before
{Heap before GC invocations=14 (full 3):
 PSYoungGen      total 244224K, used 222208K [0x00000000d5580000, 0x00000000e7600000, 0x0000000100000000)
  eden space 222208K, 100% used [0x00000000d5580000,0x00000000e2e80000,0x00000000e2e80000)
  from space 22016K, 0% used [0x00000000e4500000,0x00000000e4500000,0x00000000e5a80000)
  to   space 23040K, 0% used [0x00000000e2e80000,0x00000000e2e80000,0x00000000e4500000)
 ParOldGen       total 118272K, used 31019K [0x0000000080000000, 0x0000000087380000, 0x00000000d5580000)
  object space 118272K, 26% used [0x0000000080000000,0x0000000081e4aea0,0x0000000087380000)
 Metaspace       used 70451K, capacity 73452K, committed 73816K, reserved 1112064K
  class space    used 9639K, capacity 10246K, committed 10368K, reserved 1048576K
Event: 42.840 GC heap after
Heap after GC invocations=14 (full 3):
 PSYoungGen      total 245248K, used 20266K [0x00000000d5580000, 0x00000000eb700000, 0x0000000100000000)
  eden space 222208K, 0% used [0x00000000d5580000,0x00000000d5580000,0x00000000e2e80000)
  from space 23040K, 87% used [0x00000000e2e80000,0x00000000e424aa08,0x00000000e4500000)
  to   space 25088K, 0% used [0x00000000e9e80000,0x00000000e9e80000,0x00000000eb700000)
 ParOldGen       total 118272K, used 31027K [0x0000000080000000, 0x0000000087380000, 0x00000000d5580000)
  object space 118272K, 26% used [0x0000000080000000,0x0000000081e4cea0,0x0000000087380000)
 Metaspace       used 70451K, capacity 73452K, committed 73816K, reserved 1112064K
  class space    used 9639K, capacity 10246K, committed 10368K, reserved 1048576K
}
Event: 247.434 GC heap before
{Heap before GC invocations=15 (full 3):
 PSYoungGen      total 245248K, used 242474K [0x00000000d5580000, 0x00000000eb700000, 0x0000000100000000)
  eden space 222208K, 100% used [0x00000000d5580000,0x00000000e2e80000,0x00000000e2e80000)
  from space 23040K, 87% used [0x00000000e2e80000,0x00000000e424aa08,0x00000000e4500000)
  to   space 25088K, 0% used [0x00000000e9e80000,0x00000000e9e80000,0x00000000eb700000)
 ParOldGen       total 118272K, used 31027K [0x0000000080000000, 0x0000000087380000, 0x00000000d5580000)
  object space 118272K, 26% used [0x0000000080000000,0x0000000081e4cea0,0x0000000087380000)
 Metaspace       used 82732K, capacity 86700K, committed 86872K, reserved 1124352K
  class space    used 11042K, capacity 11861K, committed 11904K, reserved 1048576K
Event: 247.473 GC heap after
Heap after GC invocations=15 (full 3):
 PSYoungGen      total 327680K, used 25077K [0x00000000d5580000, 0x00000000eb800000, 0x0000000100000000)
  eden space 302592K, 0% used [0x00000000d5580000,0x00000000d5580000,0x00000000e7d00000)
  from space 25088K, 99% used [0x00000000e9e80000,0x00000000eb6fd770,0x00000000eb700000)
  to   space 30208K, 0% used [0x00000000e7d00000,0x00000000e7d00000,0x00000000e9a80000)
 ParOldGen       total 118272K, used 35078K [0x0000000080000000, 0x0000000087380000, 0x00000000d5580000)
  object space 118272K, 29% used [0x0000000080000000,0x0000000082241930,0x0000000087380000)
 Metaspace       used 82732K, capacity 86700K, committed 86872K, reserved 1124352K
  class space    used 11042K, capacity 11861K, committed 11904K, reserved 1048576K
}
Event: 257.633 GC heap before
{Heap before GC invocations=16 (full 3):
 PSYoungGen      total 327680K, used 327669K [0x00000000d5580000, 0x00000000eb800000, 0x0000000100000000)
  eden space 302592K, 100% used [0x00000000d5580000,0x00000000e7d00000,0x00000000e7d00000)
  from space 25088K, 99% used [0x00000000e9e80000,0x00000000eb6fd770,0x00000000eb700000)
  to   space 30208K, 0% used [0x00000000e7d00000,0x00000000e7d00000,0x00000000e9a80000)
 ParOldGen       total 118272K, used 35078K [0x0000000080000000, 0x0000000087380000, 0x00000000d5580000)
  object space 118272K, 29% used [0x0000000080000000,0x0000000082241930,0x0000000087380000)
 Metaspace       used 91929K, capacity 96316K, committed 96472K, reserved 1132544K
  class space    used 12100K, capacity 13023K, committed 13056K, reserved 1048576K
Event: 257.704 GC heap after
Heap after GC invocations=16 (full 3):
 PSYoungGen      total 332800K, used 18604K [0x00000000d5580000, 0x00000000f1a80000, 0x0000000100000000)
  eden space 302592K, 0% used [0x00000000d5580000,0x00000000d5580000,0x00000000e7d00000)
  from space 30208K, 61% used [0x00000000e7d00000,0x00000000e8f2b058,0x00000000e9a80000)
  to   space 30720K, 0% used [0x00000000efc80000,0x00000000efc80000,0x00000000f1a80000)
 ParOldGen       total 118272K, used 55572K [0x0000000080000000, 0x0000000087380000, 0x00000000d5580000)
  object space 118272K, 46% used [0x0000000080000000,0x0000000083645228,0x0000000087380000)
 Metaspace       used 91929K, capacity 96316K, committed 96472K, reserved 1132544K
  class space    used 12100K, capacity 13023K, committed 13056K, reserved 1048576K
}
Event: 261.894 GC heap before
{Heap before GC invocations=17 (full 3):
 PSYoungGen      total 332800K, used 110033K [0x00000000d5580000, 0x00000000f1a80000, 0x0000000100000000)
  eden space 302592K, 30% used [0x00000000d5580000,0x00000000daec9490,0x00000000e7d00000)
  from space 30208K, 61% used [0x00000000e7d00000,0x00000000e8f2b058,0x00000000e9a80000)
  to   space 30720K, 0% used [0x00000000efc80000,0x00000000efc80000,0x00000000f1a80000)
 ParOldGen       total 118272K, used 55572K [0x0000000080000000, 0x0000000087380000, 0x00000000d5580000)
  object space 118272K, 46% used [0x0000000080000000,0x0000000083645228,0x0000000087380000)
 Metaspace       used 93829K, capacity 98346K, committed 98380K, reserved 1134592K
  class space    used 12329K, capacity 13290K, committed 13312K, reserved 1048576K
Event: 261.957 GC heap after
Heap after GC invocations=17 (full 3):
 PSYoungGen      total 423936K, used 7288K [0x00000000d5580000, 0x00000000f1580000, 0x0000000100000000)
  eden space 398336K, 0% used [0x00000000d5580000,0x00000000d5580000,0x00000000eda80000)
  from space 25600K, 28% used [0x00000000efc80000,0x00000000f039e028,0x00000000f1580000)
  to   space 30208K, 0% used [0x00000000eda80000,0x00000000eda80000,0x00000000ef800000)
 ParOldGen       total 118272K, used 67516K [0x0000000080000000, 0x0000000087380000, 0x00000000d5580000)
  object space 118272K, 57% used [0x0000000080000000,0x00000000841ef138,0x0000000087380000)
 Metaspace       used 93829K, capacity 98346K, committed 98380K, reserved 1134592K
  class space    used 12329K, capacity 13290K, committed 13312K, reserved 1048576K
}
Event: 261.957 GC heap before
{Heap before GC invocations=18 (full 4):
 PSYoungGen      total 423936K, used 7288K [0x00000000d5580000, 0x00000000f1580000, 0x0000000100000000)
  eden space 398336K, 0% used [0x00000000d5580000,0x00000000d5580000,0x00000000eda80000)
  from space 25600K, 28% used [0x00000000efc80000,0x00000000f039e028,0x00000000f1580000)
  to   space 30208K, 0% used [0x00000000eda80000,0x00000000eda80000,0x00000000ef800000)
 ParOldGen       total 118272K, used 67516K [0x0000000080000000, 0x0000000087380000, 0x00000000d5580000)
  object space 118272K, 57% used [0x0000000080000000,0x00000000841ef138,0x0000000087380000)
 Metaspace       used 93829K, capacity 98346K, committed 98380K, reserved 1134592K
  class space    used 12329K, capacity 13290K, committed 13312K, reserved 1048576K
Event: 262.262 GC heap after
Heap after GC invocations=18 (full 4):
 PSYoungGen      total 423936K, used 0K [0x00000000d5580000, 0x00000000f1580000, 0x0000000100000000)
  eden space 398336K, 0% used [0x00000000d5580000,0x00000000d5580000,0x00000000eda80000)
  from space 25600K, 0% used [0x00000000efc80000,0x00000000efc80000,0x00000000f1580000)
  to   space 30208K, 0% used [0x00000000eda80000,0x00000000eda80000,0x00000000ef800000)
 ParOldGen       total 175104K, used 61627K [0x0000000080000000, 0x000000008ab00000, 0x00000000d5580000)
  object space 175104K, 35% used [0x0000000080000000,0x0000000083c2efb0,0x000000008ab00000)
 Metaspace       used 93769K, capacity 98168K, committed 98380K, reserved 1134592K
  class space    used 12309K, capacity 13255K, committed 13312K, reserved 1048576K
}

