# JRE version: OpenJDK Runtime Environment (8.0_242-b01) (build 1.8.0_242-release-1644-b01)
# Java VM: OpenJDK 64-Bit Server VM (25.242-b01 mixed mode windows-amd64 compressed oops)
Heap:
 PSYoungGen      total 382464K, used 25598K [0x00000000d5580000, 0x00000000f0100000, 0x0000000100000000)
  eden space 356864K, 0% used [0x00000000d5580000,0x00000000d5580000,0x00000000eb200000)
  from space 25600K, 99% used [0x00000000ed400000,0x00000000eecffbc0,0x00000000eed00000)
  to   space 34816K, 0% used [0x00000000eb200000,0x00000000eb200000,0x00000000ed400000)
 ParOldGen       total 93184K, used 83996K [0x0000000080000000, 0x0000000085b00000, 0x00000000d5580000)
  object space 93184K, 90% used [0x0000000080000000,0x0000000085207308,0x0000000085b00000)
 Metaspace       used 79394K, capacity 84634K, committed 84824K, reserved 1122304K
  class space    used 10897K, capacity 11846K, committed 11904K, reserved 1048576K
GC Heap History (10 events):
Event: 50.967 GC heap after
Heap after GC invocations=21 (full 3):
 PSYoungGen      total 260608K, used 14444K [0x00000000d5580000, 0x00000000e6d80000, 0x0000000100000000)
  eden space 236544K, 0% used [0x00000000d5580000,0x00000000d5580000,0x00000000e3c80000)
  from space 24064K, 60% used [0x00000000e5600000,0x00000000e641b168,0x00000000e6d80000)
  to   space 25088K, 0% used [0x00000000e3c80000,0x00000000e3c80000,0x00000000e5500000)
 ParOldGen       total 93184K, used 51732K [0x0000000080000000, 0x0000000085b00000, 0x00000000d5580000)
  object space 93184K, 55% used [0x0000000080000000,0x00000000832852a8,0x0000000085b00000)
 Metaspace       used 76320K, capacity 81018K, committed 81112K, reserved 1118208K
  class space    used 10574K, capacity 11482K, committed 11520K, reserved 1048576K
}
Event: 54.351 GC heap before
{Heap before GC invocations=22 (full 3):
 PSYoungGen      total 260608K, used 250988K [0x00000000d5580000, 0x00000000e6d80000, 0x0000000100000000)
  eden space 236544K, 100% used [0x00000000d5580000,0x00000000e3c80000,0x00000000e3c80000)
  from space 24064K, 60% used [0x00000000e5600000,0x00000000e641b168,0x00000000e6d80000)
  to   space 25088K, 0% used [0x00000000e3c80000,0x00000000e3c80000,0x00000000e5500000)
 ParOldGen       total 93184K, used 51732K [0x0000000080000000, 0x0000000085b00000, 0x00000000d5580000)
  object space 93184K, 55% used [0x0000000080000000,0x00000000832852a8,0x0000000085b00000)
 Metaspace       used 78181K, capacity 83232K, committed 83416K, reserved 1120256K
  class space    used 10797K, capacity 11737K, committed 11776K, reserved 1048576K
Event: 54.892 GC heap after
Heap after GC invocations=22 (full 3):
 PSYoungGen      total 261632K, used 18557K [0x00000000d5580000, 0x00000000eac80000, 0x0000000100000000)
  eden space 236544K, 0% used [0x00000000d5580000,0x00000000d5580000,0x00000000e3c80000)
  from space 25088K, 73% used [0x00000000e3c80000,0x00000000e4e9f6d0,0x00000000e5500000)
  to   space 26624K, 0% used [0x00000000e9280000,0x00000000e9280000,0x00000000eac80000)
 ParOldGen       total 93184K, used 56579K [0x0000000080000000, 0x0000000085b00000, 0x00000000d5580000)
  object space 93184K, 60% used [0x0000000080000000,0x0000000083740f50,0x0000000085b00000)
 Metaspace       used 78181K, capacity 83232K, committed 83416K, reserved 1120256K
  class space    used 10797K, capacity 11737K, committed 11776K, reserved 1048576K
}
Event: 57.606 GC heap before
{Heap before GC invocations=23 (full 3):
 PSYoungGen      total 261632K, used 255101K [0x00000000d5580000, 0x00000000eac80000, 0x0000000100000000)
  eden space 236544K, 100% used [0x00000000d5580000,0x00000000e3c80000,0x00000000e3c80000)
  from space 25088K, 73% used [0x00000000e3c80000,0x00000000e4e9f6d0,0x00000000e5500000)
  to   space 26624K, 0% used [0x00000000e9280000,0x00000000e9280000,0x00000000eac80000)
 ParOldGen       total 93184K, used 56579K [0x0000000080000000, 0x0000000085b00000, 0x00000000d5580000)
  object space 93184K, 60% used [0x0000000080000000,0x0000000083740f50,0x0000000085b00000)
 Metaspace       used 78402K, capacity 83478K, committed 83672K, reserved 1122304K
  class space    used 10819K, capacity 11744K, committed 11776K, reserved 1048576K
Event: 57.659 GC heap after
Heap after GC invocations=23 (full 3):
 PSYoungGen      total 314368K, used 2920K [0x00000000d5580000, 0x00000000ea780000, 0x0000000100000000)
  eden space 292864K, 0% used [0x00000000d5580000,0x00000000d5580000,0x00000000e7380000)
  from space 21504K, 13% used [0x00000000e9280000,0x00000000e955a060,0x00000000ea780000)
  to   space 26624K, 0% used [0x00000000e7380000,0x00000000e7380000,0x00000000e8d80000)
 ParOldGen       total 93184K, used 68818K [0x0000000080000000, 0x0000000085b00000, 0x00000000d5580000)
  object space 93184K, 73% used [0x0000000080000000,0x0000000084334958,0x0000000085b00000)
 Metaspace       used 78402K, capacity 83478K, committed 83672K, reserved 1122304K
  class space    used 10819K, capacity 11744K, committed 11776K, reserved 1048576K
}
Event: 59.807 GC heap before
{Heap before GC invocations=24 (full 3):
 PSYoungGen      total 314368K, used 295784K [0x00000000d5580000, 0x00000000ea780000, 0x0000000100000000)
  eden space 292864K, 100% used [0x00000000d5580000,0x00000000e7380000,0x00000000e7380000)
  from space 21504K, 13% used [0x00000000e9280000,0x00000000e955a060,0x00000000ea780000)
  to   space 26624K, 0% used [0x00000000e7380000,0x00000000e7380000,0x00000000e8d80000)
 ParOldGen       total 93184K, used 68818K [0x0000000080000000, 0x0000000085b00000, 0x00000000d5580000)
  object space 93184K, 73% used [0x0000000080000000,0x0000000084334958,0x0000000085b00000)
 Metaspace       used 78568K, capacity 83666K, committed 83928K, reserved 1122304K
  class space    used 10822K, capacity 11750K, committed 11776K, reserved 1048576K
Event: 60.127 GC heap after
Heap after GC invocations=24 (full 3):
 PSYoungGen      total 319488K, used 7214K [0x00000000d5580000, 0x00000000eed00000, 0x0000000100000000)
  eden space 292864K, 0% used [0x00000000d5580000,0x00000000d5580000,0x00000000e7380000)
  from space 26624K, 27% used [0x00000000e7380000,0x00000000e7a8ba88,0x00000000e8d80000)
  to   space 25600K, 0% used [0x00000000ed400000,0x00000000ed400000,0x00000000eed00000)
 ParOldGen       total 93184K, used 70559K [0x0000000080000000, 0x0000000085b00000, 0x00000000d5580000)
  object space 93184K, 75% used [0x0000000080000000,0x00000000844e7c30,0x0000000085b00000)
 Metaspace       used 78568K, capacity 83666K, committed 83928K, reserved 1122304K
  class space    used 10822K, capacity 11750K, committed 11776K, reserved 1048576K
}
Event: 64.609 GC heap before
{Heap before GC invocations=25 (full 3):
 PSYoungGen      total 319488K, used 300078K [0x00000000d5580000, 0x00000000eed00000, 0x0000000100000000)
  eden space 292864K, 100% used [0x00000000d5580000,0x00000000e7380000,0x00000000e7380000)
  from space 26624K, 27% used [0x00000000e7380000,0x00000000e7a8ba88,0x00000000e8d80000)
  to   space 25600K, 0% used [0x00000000ed400000,0x00000000ed400000,0x00000000eed00000)
 ParOldGen       total 93184K, used 70559K [0x0000000080000000, 0x0000000085b00000, 0x00000000d5580000)
  object space 93184K, 75% used [0x0000000080000000,0x00000000844e7c30,0x0000000085b00000)
 Metaspace       used 79394K, capacity 84634K, committed 84824K, reserved 1122304K
  class space    used 10897K, capacity 11846K, committed 11904K, reserved 1048576K
Event: 65.246 GC heap after
Heap after GC invocations=25 (full 3):
 PSYoungGen      total 382464K, used 25598K [0x00000000d5580000, 0x00000000f0100000, 0x0000000100000000)
  eden space 356864K, 0% used [0x00000000d5580000,0x00000000d5580000,0x00000000eb200000)
  from space 25600K, 99% used [0x00000000ed400000,0x00000000eecffbc0,0x00000000eed00000)
  to   space 34816K, 0% used [0x00000000eb200000,0x00000000eb200000,0x00000000ed400000)
 ParOldGen       total 93184K, used 83996K [0x0000000080000000, 0x0000000085b00000, 0x00000000d5580000)
  object space 93184K, 90% used [0x0000000080000000,0x0000000085207308,0x0000000085b00000)
 Metaspace       used 79394K, capacity 84634K, committed 84824K, reserved 1122304K
  class space    used 10897K, capacity 11846K, committed 11904K, reserved 1048576K
}
Event: 65.247 GC heap before
{Heap before GC invocations=26 (full 4):
 PSYoungGen      total 382464K, used 25598K [0x00000000d5580000, 0x00000000f0100000, 0x0000000100000000)
  eden space 356864K, 0% used [0x00000000d5580000,0x00000000d5580000,0x00000000eb200000)
  from space 25600K, 99% used [0x00000000ed400000,0x00000000eecffbc0,0x00000000eed00000)
  to   space 34816K, 0% used [0x00000000eb200000,0x00000000eb200000,0x00000000ed400000)
 ParOldGen       total 93184K, used 83996K [0x0000000080000000, 0x0000000085b00000, 0x00000000d5580000)
  object space 93184K, 90% used [0x0000000080000000,0x0000000085207308,0x0000000085b00000)
 Metaspace       used 79394K, capacity 84634K, committed 84824K, reserved 1122304K
  class space    used 10897K, capacity 11846K, committed 11904K, reserved 1048576K

