# JRE version: OpenJDK Runtime Environment (8.0_242-b01) (build 1.8.0_242-release-1644-b01)
# Java VM: OpenJDK 64-Bit Server VM (25.242-b01 mixed mode windows-amd64 compressed oops)
Heap:
 PSYoungGen      total 175104K, used 12308K [0x00000000d5580000, 0x00000000e3300000, 0x0000000100000000)
  eden space 160256K, 0% used [0x00000000d5580000,0x00000000d5580000,0x00000000df200000)
  from space 14848K, 82% used [0x00000000e0200000,0x00000000e0e05310,0x00000000e1080000)
  to   space 16384K, 0% used [0x00000000df200000,0x00000000df200000,0x00000000e0200000)
 ParOldGen       total 53248K, used 36054K [0x0000000080000000, 0x0000000083400000, 0x00000000d5580000)
  object space 53248K, 67% used [0x0000000080000000,0x0000000082335810,0x0000000083400000)
 Metaspace       used 56505K, capacity 58992K, committed 59028K, reserved 1099776K
  class space    used 7669K, capacity 8169K, committed 8192K, reserved 1048576K
GC Heap History (10 events):
Event: 9.822 GC heap after
Heap after GC invocations=12 (full 1):
 PSYoungGen      total 107520K, used 7158K [0x00000000d5580000, 0x00000000df280000, 0x0000000100000000)
  eden space 100352K, 0% used [0x00000000d5580000,0x00000000d5580000,0x00000000db780000)
  from space 7168K, 99% used [0x00000000db780000,0x00000000dbe7da00,0x00000000dbe80000)
  to   space 9728K, 0% used [0x00000000de900000,0x00000000de900000,0x00000000df280000)
 ParOldGen       total 31232K, used 14408K [0x0000000080000000, 0x0000000081e80000, 0x00000000d5580000)
  object space 31232K, 46% used [0x0000000080000000,0x0000000080e121c8,0x0000000081e80000)
 Metaspace       used 33948K, capacity 35282K, committed 35416K, reserved 1079296K
  class space    used 4575K, capacity 4912K, committed 4992K, reserved 1048576K
}
Event: 9.822 GC heap before
{Heap before GC invocations=13 (full 2):
 PSYoungGen      total 107520K, used 7158K [0x00000000d5580000, 0x00000000df280000, 0x0000000100000000)
  eden space 100352K, 0% used [0x00000000d5580000,0x00000000d5580000,0x00000000db780000)
  from space 7168K, 99% used [0x00000000db780000,0x00000000dbe7da00,0x00000000dbe80000)
  to   space 9728K, 0% used [0x00000000de900000,0x00000000de900000,0x00000000df280000)
 ParOldGen       total 31232K, used 14408K [0x0000000080000000, 0x0000000081e80000, 0x00000000d5580000)
  object space 31232K, 46% used [0x0000000080000000,0x0000000080e121c8,0x0000000081e80000)
 Metaspace       used 33948K, capacity 35282K, committed 35416K, reserved 1079296K
  class space    used 4575K, capacity 4912K, committed 4992K, reserved 1048576K
Event: 10.189 GC heap after
Heap after GC invocations=13 (full 2):
 PSYoungGen      total 107520K, used 0K [0x00000000d5580000, 0x00000000df280000, 0x0000000100000000)
  eden space 100352K, 0% used [0x00000000d5580000,0x00000000d5580000,0x00000000db780000)
  from space 7168K, 0% used [0x00000000db780000,0x00000000db780000,0x00000000dbe80000)
  to   space 9728K, 0% used [0x00000000de900000,0x00000000de900000,0x00000000df280000)
 ParOldGen       total 53248K, used 18662K [0x0000000080000000, 0x0000000083400000, 0x00000000d5580000)
  object space 53248K, 35% used [0x0000000080000000,0x0000000081239b90,0x0000000083400000)
 Metaspace       used 33948K, capacity 35282K, committed 35416K, reserved 1079296K
  class space    used 4575K, capacity 4912K, committed 4992K, reserved 1048576K
}
Event: 12.670 GC heap before
{Heap before GC invocations=14 (full 2):
 PSYoungGen      total 107520K, used 100352K [0x00000000d5580000, 0x00000000df280000, 0x0000000100000000)
  eden space 100352K, 100% used [0x00000000d5580000,0x00000000db780000,0x00000000db780000)
  from space 7168K, 0% used [0x00000000db780000,0x00000000db780000,0x00000000dbe80000)
  to   space 9728K, 0% used [0x00000000de900000,0x00000000de900000,0x00000000df280000)
 ParOldGen       total 53248K, used 18662K [0x0000000080000000, 0x0000000083400000, 0x00000000d5580000)
  object space 53248K, 35% used [0x0000000080000000,0x0000000081239b90,0x0000000083400000)
 Metaspace       used 38592K, capacity 40382K, committed 40536K, reserved 1083392K
  class space    used 5279K, capacity 5664K, committed 5760K, reserved 1048576K
Event: 12.688 GC heap after
Heap after GC invocations=14 (full 2):
 PSYoungGen      total 133120K, used 9478K [0x00000000d5580000, 0x00000000df280000, 0x0000000100000000)
  eden space 123392K, 0% used [0x00000000d5580000,0x00000000d5580000,0x00000000dce00000)
  from space 9728K, 97% used [0x00000000de900000,0x00000000df241aa0,0x00000000df280000)
  to   space 10752K, 0% used [0x00000000ddd80000,0x00000000ddd80000,0x00000000de800000)
 ParOldGen       total 53248K, used 18670K [0x0000000080000000, 0x0000000083400000, 0x00000000d5580000)
  object space 53248K, 35% used [0x0000000080000000,0x000000008123bb90,0x0000000083400000)
 Metaspace       used 38592K, capacity 40382K, committed 40536K, reserved 1083392K
  class space    used 5279K, capacity 5664K, committed 5760K, reserved 1048576K
}
Event: 16.401 GC heap before
{Heap before GC invocations=15 (full 2):
 PSYoungGen      total 133120K, used 132870K [0x00000000d5580000, 0x00000000df280000, 0x0000000100000000)
  eden space 123392K, 100% used [0x00000000d5580000,0x00000000dce00000,0x00000000dce00000)
  from space 9728K, 97% used [0x00000000de900000,0x00000000df241aa0,0x00000000df280000)
  to   space 10752K, 0% used [0x00000000ddd80000,0x00000000ddd80000,0x00000000de800000)
 ParOldGen       total 53248K, used 18670K [0x0000000080000000, 0x0000000083400000, 0x00000000d5580000)
  object space 53248K, 35% used [0x0000000080000000,0x000000008123bb90,0x0000000083400000)
 Metaspace       used 48090K, capacity 50250K, committed 50392K, reserved 1093632K
  class space    used 6476K, capacity 6909K, committed 6912K, reserved 1048576K
Event: 16.942 GC heap after
Heap after GC invocations=15 (full 2):
 PSYoungGen      total 150016K, used 10748K [0x00000000d5580000, 0x00000000e1080000, 0x0000000100000000)
  eden space 139264K, 0% used [0x00000000d5580000,0x00000000d5580000,0x00000000ddd80000)
  from space 10752K, 99% used [0x00000000ddd80000,0x00000000de7ff300,0x00000000de800000)
  to   space 14848K, 0% used [0x00000000e0200000,0x00000000e0200000,0x00000000e1080000)
 ParOldGen       total 53248K, used 25369K [0x0000000080000000, 0x0000000083400000, 0x00000000d5580000)
  object space 53248K, 47% used [0x0000000080000000,0x00000000818c6758,0x0000000083400000)
 Metaspace       used 48090K, capacity 50250K, committed 50392K, reserved 1093632K
  class space    used 6476K, capacity 6909K, committed 6912K, reserved 1048576K
}
Event: 19.231 GC heap before
{Heap before GC invocations=16 (full 2):
 PSYoungGen      total 150016K, used 108621K [0x00000000d5580000, 0x00000000e1080000, 0x0000000100000000)
  eden space 139264K, 70% used [0x00000000d5580000,0x00000000db514368,0x00000000ddd80000)
  from space 10752K, 99% used [0x00000000ddd80000,0x00000000de7ff300,0x00000000de800000)
  to   space 14848K, 0% used [0x00000000e0200000,0x00000000e0200000,0x00000000e1080000)
 ParOldGen       total 53248K, used 25369K [0x0000000080000000, 0x0000000083400000, 0x00000000d5580000)
  object space 53248K, 47% used [0x0000000080000000,0x00000000818c6758,0x0000000083400000)
 Metaspace       used 56505K, capacity 58992K, committed 59028K, reserved 1099776K
  class space    used 7669K, capacity 8169K, committed 8192K, reserved 1048576K
Event: 19.864 GC heap after
Heap after GC invocations=16 (full 2):
 PSYoungGen      total 175104K, used 12308K [0x00000000d5580000, 0x00000000e3300000, 0x0000000100000000)
  eden space 160256K, 0% used [0x00000000d5580000,0x00000000d5580000,0x00000000df200000)
  from space 14848K, 82% used [0x00000000e0200000,0x00000000e0e05310,0x00000000e1080000)
  to   space 16384K, 0% used [0x00000000df200000,0x00000000df200000,0x00000000e0200000)
 ParOldGen       total 53248K, used 36054K [0x0000000080000000, 0x0000000083400000, 0x00000000d5580000)
  object space 53248K, 67% used [0x0000000080000000,0x0000000082335810,0x0000000083400000)
 Metaspace       used 56505K, capacity 58992K, committed 59028K, reserved 1099776K
  class space    used 7669K, capacity 8169K, committed 8192K, reserved 1048576K
}
Event: 19.864 GC heap before
{Heap before GC invocations=17 (full 3):
 PSYoungGen      total 175104K, used 12308K [0x00000000d5580000, 0x00000000e3300000, 0x0000000100000000)
  eden space 160256K, 0% used [0x00000000d5580000,0x00000000d5580000,0x00000000df200000)
  from space 14848K, 82% used [0x00000000e0200000,0x00000000e0e05310,0x00000000e1080000)
  to   space 16384K, 0% used [0x00000000df200000,0x00000000df200000,0x00000000e0200000)
 ParOldGen       total 53248K, used 36054K [0x0000000080000000, 0x0000000083400000, 0x00000000d5580000)
  object space 53248K, 67% used [0x0000000080000000,0x0000000082335810,0x0000000083400000)
 Metaspace       used 56505K, capacity 58992K, committed 59028K, reserved 1099776K
  class space    used 7669K, capacity 8169K, committed 8192K, reserved 1048576K

