# JRE version: OpenJDK Runtime Environment (8.0_242-b01) (build 1.8.0_242-release-1644-b01)
# Java VM: OpenJDK 64-Bit Server VM (25.242-b01 mixed mode windows-amd64 compressed oops)
Heap:
 PSYoungGen      total 202240K, used 9167K [0x00000000d5580000, 0x00000000e8680000, 0x0000000100000000)
  eden space 186368K, 0% used [0x00000000d5580000,0x00000000d5580000,0x00000000e0b80000)
  from space 15872K, 57% used [0x00000000e0b80000,0x00000000e1473c60,0x00000000e1b00000)
  to   space 15872K, 0% used [0x00000000e7700000,0x00000000e7700000,0x00000000e8680000)
 ParOldGen       total 45568K, used 34049K [0x0000000080000000, 0x0000000082c80000, 0x00000000d5580000)
  object space 45568K, 74% used [0x0000000080000000,0x0000000082140708,0x0000000082c80000)
 Metaspace       used 56537K, capacity 58940K, committed 59028K, reserved 1099776K
  class space    used 7705K, capacity 8167K, committed 8192K, reserved 1048576K
GC Heap History (10 events):
Event: 10.024 GC heap after
Heap after GC invocations=13 (full 1):
 PSYoungGen      total 133632K, used 64K [0x00000000d5580000, 0x00000000e0380000, 0x0000000100000000)
  eden space 124416K, 0% used [0x00000000d5580000,0x00000000d5580000,0x00000000dcf00000)
  from space 9216K, 0% used [0x00000000dd880000,0x00000000dd890000,0x00000000de180000)
  to   space 9728K, 0% used [0x00000000dcf00000,0x00000000dcf00000,0x00000000dd880000)
 ParOldGen       total 33792K, used 20223K [0x0000000080000000, 0x0000000082100000, 0x00000000d5580000)
  object space 33792K, 59% used [0x0000000080000000,0x00000000813bffa0,0x0000000082100000)
 Metaspace       used 34156K, capacity 35308K, committed 35416K, reserved 1079296K
  class space    used 4665K, capacity 4905K, committed 4992K, reserved 1048576K
}
Event: 10.024 GC heap before
{Heap before GC invocations=14 (full 2):
 PSYoungGen      total 133632K, used 64K [0x00000000d5580000, 0x00000000e0380000, 0x0000000100000000)
  eden space 124416K, 0% used [0x00000000d5580000,0x00000000d5580000,0x00000000dcf00000)
  from space 9216K, 0% used [0x00000000dd880000,0x00000000dd890000,0x00000000de180000)
  to   space 9728K, 0% used [0x00000000dcf00000,0x00000000dcf00000,0x00000000dd880000)
 ParOldGen       total 33792K, used 20223K [0x0000000080000000, 0x0000000082100000, 0x00000000d5580000)
  object space 33792K, 59% used [0x0000000080000000,0x00000000813bffa0,0x0000000082100000)
 Metaspace       used 34156K, capacity 35308K, committed 35416K, reserved 1079296K
  class space    used 4665K, capacity 4905K, committed 4992K, reserved 1048576K
Event: 10.140 GC heap after
Heap after GC invocations=14 (full 2):
 PSYoungGen      total 133632K, used 0K [0x00000000d5580000, 0x00000000e0380000, 0x0000000100000000)
  eden space 124416K, 0% used [0x00000000d5580000,0x00000000d5580000,0x00000000dcf00000)
  from space 9216K, 0% used [0x00000000dd880000,0x00000000dd880000,0x00000000de180000)
  to   space 9728K, 0% used [0x00000000dcf00000,0x00000000dcf00000,0x00000000dd880000)
 ParOldGen       total 45568K, used 16565K [0x0000000080000000, 0x0000000082c80000, 0x00000000d5580000)
  object space 45568K, 36% used [0x0000000080000000,0x000000008102d610,0x0000000082c80000)
 Metaspace       used 34156K, capacity 35308K, committed 35416K, reserved 1079296K
  class space    used 4665K, capacity 4905K, committed 4992K, reserved 1048576K
}
Event: 12.626 GC heap before
{Heap before GC invocations=15 (full 2):
 PSYoungGen      total 133632K, used 124416K [0x00000000d5580000, 0x00000000e0380000, 0x0000000100000000)
  eden space 124416K, 100% used [0x00000000d5580000,0x00000000dcf00000,0x00000000dcf00000)
  from space 9216K, 0% used [0x00000000dd880000,0x00000000dd880000,0x00000000de180000)
  to   space 9728K, 0% used [0x00000000dcf00000,0x00000000dcf00000,0x00000000dd880000)
 ParOldGen       total 45568K, used 16565K [0x0000000080000000, 0x0000000082c80000, 0x00000000d5580000)
  object space 45568K, 36% used [0x0000000080000000,0x000000008102d610,0x0000000082c80000)
 Metaspace       used 37757K, capacity 39368K, committed 39640K, reserved 1083392K
  class space    used 5185K, capacity 5512K, committed 5632K, reserved 1048576K
Event: 12.645 GC heap after
Heap after GC invocations=15 (full 2):
 PSYoungGen      total 134144K, used 7699K [0x00000000d5580000, 0x00000000e2500000, 0x0000000100000000)
  eden space 124416K, 0% used [0x00000000d5580000,0x00000000d5580000,0x00000000dcf00000)
  from space 9728K, 79% used [0x00000000dcf00000,0x00000000dd684fc8,0x00000000dd880000)
  to   space 10240K, 0% used [0x00000000e1b00000,0x00000000e1b00000,0x00000000e2500000)
 ParOldGen       total 45568K, used 16573K [0x0000000080000000, 0x0000000082c80000, 0x00000000d5580000)
  object space 45568K, 36% used [0x0000000080000000,0x000000008102f610,0x0000000082c80000)
 Metaspace       used 37757K, capacity 39368K, committed 39640K, reserved 1083392K
  class space    used 5185K, capacity 5512K, committed 5632K, reserved 1048576K
}
Event: 16.577 GC heap before
{Heap before GC invocations=16 (full 2):
 PSYoungGen      total 134144K, used 132115K [0x00000000d5580000, 0x00000000e2500000, 0x0000000100000000)
  eden space 124416K, 100% used [0x00000000d5580000,0x00000000dcf00000,0x00000000dcf00000)
  from space 9728K, 79% used [0x00000000dcf00000,0x00000000dd684fc8,0x00000000dd880000)
  to   space 10240K, 0% used [0x00000000e1b00000,0x00000000e1b00000,0x00000000e2500000)
 ParOldGen       total 45568K, used 16573K [0x0000000080000000, 0x0000000082c80000, 0x00000000d5580000)
  object space 45568K, 36% used [0x0000000080000000,0x000000008102f610,0x0000000082c80000)
 Metaspace       used 50958K, capacity 52930K, committed 53080K, reserved 1095680K
  class space    used 6799K, capacity 7207K, committed 7296K, reserved 1048576K
Event: 16.608 GC heap after
Heap after GC invocations=16 (full 2):
 PSYoungGen      total 196608K, used 10233K [0x00000000d5580000, 0x00000000e2d80000, 0x0000000100000000)
  eden space 186368K, 0% used [0x00000000d5580000,0x00000000d5580000,0x00000000e0b80000)
  from space 10240K, 99% used [0x00000000e1b00000,0x00000000e24fe730,0x00000000e2500000)
  to   space 15872K, 0% used [0x00000000e0b80000,0x00000000e0b80000,0x00000000e1b00000)
 ParOldGen       total 45568K, used 26847K [0x0000000080000000, 0x0000000082c80000, 0x00000000d5580000)
  object space 45568K, 58% used [0x0000000080000000,0x0000000081a37c18,0x0000000082c80000)
 Metaspace       used 50958K, capacity 52930K, committed 53080K, reserved 1095680K
  class space    used 6799K, capacity 7207K, committed 7296K, reserved 1048576K
}
Event: 19.556 GC heap before
{Heap before GC invocations=17 (full 2):
 PSYoungGen      total 196608K, used 89082K [0x00000000d5580000, 0x00000000e2d80000, 0x0000000100000000)
  eden space 186368K, 42% used [0x00000000d5580000,0x00000000da2802e0,0x00000000e0b80000)
  from space 10240K, 99% used [0x00000000e1b00000,0x00000000e24fe730,0x00000000e2500000)
  to   space 15872K, 0% used [0x00000000e0b80000,0x00000000e0b80000,0x00000000e1b00000)
 ParOldGen       total 45568K, used 26847K [0x0000000080000000, 0x0000000082c80000, 0x00000000d5580000)
  object space 45568K, 58% used [0x0000000080000000,0x0000000081a37c18,0x0000000082c80000)
 Metaspace       used 56537K, capacity 58940K, committed 59028K, reserved 1099776K
  class space    used 7705K, capacity 8167K, committed 8192K, reserved 1048576K
Event: 19.616 GC heap after
Heap after GC invocations=17 (full 2):
 PSYoungGen      total 202240K, used 9167K [0x00000000d5580000, 0x00000000e8680000, 0x0000000100000000)
  eden space 186368K, 0% used [0x00000000d5580000,0x00000000d5580000,0x00000000e0b80000)
  from space 15872K, 57% used [0x00000000e0b80000,0x00000000e1473c60,0x00000000e1b00000)
  to   space 15872K, 0% used [0x00000000e7700000,0x00000000e7700000,0x00000000e8680000)
 ParOldGen       total 45568K, used 34049K [0x0000000080000000, 0x0000000082c80000, 0x00000000d5580000)
  object space 45568K, 74% used [0x0000000080000000,0x0000000082140708,0x0000000082c80000)
 Metaspace       used 56537K, capacity 58940K, committed 59028K, reserved 1099776K
  class space    used 7705K, capacity 8167K, committed 8192K, reserved 1048576K
}
Event: 19.617 GC heap before
{Heap before GC invocations=18 (full 3):
 PSYoungGen      total 202240K, used 9167K [0x00000000d5580000, 0x00000000e8680000, 0x0000000100000000)
  eden space 186368K, 0% used [0x00000000d5580000,0x00000000d5580000,0x00000000e0b80000)
  from space 15872K, 57% used [0x00000000e0b80000,0x00000000e1473c60,0x00000000e1b00000)
  to   space 15872K, 0% used [0x00000000e7700000,0x00000000e7700000,0x00000000e8680000)
 ParOldGen       total 45568K, used 34049K [0x0000000080000000, 0x0000000082c80000, 0x00000000d5580000)
  object space 45568K, 74% used [0x0000000080000000,0x0000000082140708,0x0000000082c80000)
 Metaspace       used 56537K, capacity 58940K, committed 59028K, reserved 1099776K
  class space    used 7705K, capacity 8167K, committed 8192K, reserved 1048576K

