# JRE version: OpenJDK Runtime Environment (8.0_242-b01) (build 1.8.0_242-release-1644-b01)
# Java VM: OpenJDK 64-Bit Server VM (25.242-b01 mixed mode windows-amd64 compressed oops)
Heap:
 PSYoungGen      total 260096K, used 191546K [0x00000000d5580000, 0x00000000e9880000, 0x0000000100000000)
  eden space 235520K, 73% used [0x00000000d5580000,0x00000000dfeea908,0x00000000e3b80000)
  from space 24576K, 73% used [0x00000000e3b80000,0x00000000e4d33998,0x00000000e5380000)
  to   space 25600K, 0% used [0x00000000e7f80000,0x00000000e7f80000,0x00000000e9880000)
 ParOldGen       total 123904K, used 48867K [0x0000000080000000, 0x0000000087900000, 0x00000000d5580000)
  object space 123904K, 39% used [0x0000000080000000,0x0000000082fb8f98,0x0000000087900000)
 Metaspace       used 106564K, capacity 111012K, committed 111436K, reserved 1146880K
  class space    used 13678K, capacity 14623K, committed 14720K, reserved 1048576K
GC Heap History (10 events):
Event: 3480.011 GC heap before
{Heap before GC invocations=21 (full 3):
 PSYoungGen      total 208896K, used 196167K [0x00000000d5580000, 0x00000000e5100000, 0x0000000100000000)
  eden space 186368K, 100% used [0x00000000d5580000,0x00000000e0b80000,0x00000000e0b80000)
  from space 22528K, 43% used [0x00000000e0b80000,0x00000000e1511f78,0x00000000e2180000)
  to   space 21504K, 0% used [0x00000000e3c00000,0x00000000e3c00000,0x00000000e5100000)
 ParOldGen       total 86528K, used 57573K [0x0000000080000000, 0x0000000085480000, 0x00000000d5580000)
  object space 86528K, 66% used [0x0000000080000000,0x0000000083839720,0x0000000085480000)
 Metaspace       used 89138K, capacity 93234K, committed 93400K, reserved 1130496K
  class space    used 11654K, capacity 12490K, committed 12544K, reserved 1048576K
Event: 3480.341 GC heap after
Heap after GC invocations=21 (full 3):
 PSYoungGen      total 228864K, used 15611K [0x00000000d5580000, 0x00000000e4e80000, 0x0000000100000000)
  eden space 209920K, 0% used [0x00000000d5580000,0x00000000d5580000,0x00000000e2280000)
  from space 18944K, 82% used [0x00000000e3c00000,0x00000000e4b3efc0,0x00000000e4e80000)
  to   space 22528K, 0% used [0x00000000e2280000,0x00000000e2280000,0x00000000e3880000)
 ParOldGen       total 86528K, used 57645K [0x0000000080000000, 0x0000000085480000, 0x00000000d5580000)
  object space 86528K, 66% used [0x0000000080000000,0x000000008384b730,0x0000000085480000)
 Metaspace       used 89138K, capacity 93234K, committed 93400K, reserved 1130496K
  class space    used 11654K, capacity 12490K, committed 12544K, reserved 1048576K
}
Event: 3487.268 GC heap before
{Heap before GC invocations=22 (full 3):
 PSYoungGen      total 228864K, used 173202K [0x00000000d5580000, 0x00000000e4e80000, 0x0000000100000000)
  eden space 209920K, 75% used [0x00000000d5580000,0x00000000def65858,0x00000000e2280000)
  from space 18944K, 82% used [0x00000000e3c00000,0x00000000e4b3efc0,0x00000000e4e80000)
  to   space 22528K, 0% used [0x00000000e2280000,0x00000000e2280000,0x00000000e3880000)
 ParOldGen       total 86528K, used 57645K [0x0000000080000000, 0x0000000085480000, 0x00000000d5580000)
  object space 86528K, 66% used [0x0000000080000000,0x000000008384b730,0x0000000085480000)
 Metaspace       used 94034K, capacity 98282K, committed 98380K, reserved 1134592K
  class space    used 12282K, capacity 13166K, committed 13184K, reserved 1048576K
Event: 3487.330 GC heap after
Heap after GC invocations=22 (full 3):
 PSYoungGen      total 232448K, used 20560K [0x00000000d5580000, 0x00000000e6c00000, 0x0000000100000000)
  eden space 209920K, 0% used [0x00000000d5580000,0x00000000d5580000,0x00000000e2280000)
  from space 22528K, 91% used [0x00000000e2280000,0x00000000e3694110,0x00000000e3880000)
  to   space 25088K, 0% used [0x00000000e5380000,0x00000000e5380000,0x00000000e6c00000)
 ParOldGen       total 86528K, used 57653K [0x0000000080000000, 0x0000000085480000, 0x00000000d5580000)
  object space 86528K, 66% used [0x0000000080000000,0x000000008384d730,0x0000000085480000)
 Metaspace       used 94034K, capacity 98282K, committed 98380K, reserved 1134592K
  class space    used 12282K, capacity 13166K, committed 13184K, reserved 1048576K
}
Event: 3487.330 GC heap before
{Heap before GC invocations=23 (full 4):
 PSYoungGen      total 232448K, used 20560K [0x00000000d5580000, 0x00000000e6c00000, 0x0000000100000000)
  eden space 209920K, 0% used [0x00000000d5580000,0x00000000d5580000,0x00000000e2280000)
  from space 22528K, 91% used [0x00000000e2280000,0x00000000e3694110,0x00000000e3880000)
  to   space 25088K, 0% used [0x00000000e5380000,0x00000000e5380000,0x00000000e6c00000)
 ParOldGen       total 86528K, used 57653K [0x0000000080000000, 0x0000000085480000, 0x00000000d5580000)
  object space 86528K, 66% used [0x0000000080000000,0x000000008384d730,0x0000000085480000)
 Metaspace       used 94034K, capacity 98282K, committed 98380K, reserved 1134592K
  class space    used 12282K, capacity 13166K, committed 13184K, reserved 1048576K
Event: 3487.808 GC heap after
Heap after GC invocations=23 (full 4):
 PSYoungGen      total 232448K, used 0K [0x00000000d5580000, 0x00000000e6c00000, 0x0000000100000000)
  eden space 209920K, 0% used [0x00000000d5580000,0x00000000d5580000,0x00000000e2280000)
  from space 22528K, 0% used [0x00000000e2280000,0x00000000e2280000,0x00000000e3880000)
  to   space 25088K, 0% used [0x00000000e5380000,0x00000000e5380000,0x00000000e6c00000)
 ParOldGen       total 123904K, used 48851K [0x0000000080000000, 0x0000000087900000, 0x00000000d5580000)
  object space 123904K, 39% used [0x0000000080000000,0x0000000082fb4f98,0x0000000087900000)
 Metaspace       used 93256K, capacity 96930K, committed 98380K, reserved 1134592K
  class space    used 12135K, capacity 12900K, committed 13184K, reserved 1048576K
}
Event: 3499.309 GC heap before
{Heap before GC invocations=24 (full 4):
 PSYoungGen      total 232448K, used 209920K [0x00000000d5580000, 0x00000000e6c00000, 0x0000000100000000)
  eden space 209920K, 100% used [0x00000000d5580000,0x00000000e2280000,0x00000000e2280000)
  from space 22528K, 0% used [0x00000000e2280000,0x00000000e2280000,0x00000000e3880000)
  to   space 25088K, 0% used [0x00000000e5380000,0x00000000e5380000,0x00000000e6c00000)
 ParOldGen       total 123904K, used 48851K [0x0000000080000000, 0x0000000087900000, 0x00000000d5580000)
  object space 123904K, 39% used [0x0000000080000000,0x0000000082fb4f98,0x0000000087900000)
 Metaspace       used 97290K, capacity 101312K, committed 102220K, reserved 1138688K
  class space    used 12647K, capacity 13441K, committed 13696K, reserved 1048576K
Event: 3499.829 GC heap after
Heap after GC invocations=24 (full 4):
 PSYoungGen      total 260608K, used 12458K [0x00000000d5580000, 0x00000000e7a00000, 0x0000000100000000)
  eden space 235520K, 0% used [0x00000000d5580000,0x00000000d5580000,0x00000000e3b80000)
  from space 25088K, 49% used [0x00000000e5380000,0x00000000e5faaba8,0x00000000e6c00000)
  to   space 24576K, 0% used [0x00000000e3b80000,0x00000000e3b80000,0x00000000e5380000)
 ParOldGen       total 123904K, used 48859K [0x0000000080000000, 0x0000000087900000, 0x00000000d5580000)
  object space 123904K, 39% used [0x0000000080000000,0x0000000082fb6f98,0x0000000087900000)
 Metaspace       used 97290K, capacity 101312K, committed 102220K, reserved 1138688K
  class space    used 12647K, capacity 13441K, committed 13696K, reserved 1048576K
}
Event: 3673.631 GC heap before
{Heap before GC invocations=25 (full 4):
 PSYoungGen      total 260608K, used 247978K [0x00000000d5580000, 0x00000000e7a00000, 0x0000000100000000)
  eden space 235520K, 100% used [0x00000000d5580000,0x00000000e3b80000,0x00000000e3b80000)
  from space 25088K, 49% used [0x00000000e5380000,0x00000000e5faaba8,0x00000000e6c00000)
  to   space 24576K, 0% used [0x00000000e3b80000,0x00000000e3b80000,0x00000000e5380000)
 ParOldGen       total 123904K, used 48859K [0x0000000080000000, 0x0000000087900000, 0x00000000d5580000)
  object space 123904K, 39% used [0x0000000080000000,0x0000000082fb6f98,0x0000000087900000)
 Metaspace       used 104889K, capacity 109338K, committed 109772K, reserved 1144832K
  class space    used 13525K, capacity 14492K, committed 14592K, reserved 1048576K
Event: 3676.344 GC heap after
Heap after GC invocations=25 (full 4):
 PSYoungGen      total 260096K, used 18126K [0x00000000d5580000, 0x00000000e9880000, 0x0000000100000000)
  eden space 235520K, 0% used [0x00000000d5580000,0x00000000d5580000,0x00000000e3b80000)
  from space 24576K, 73% used [0x00000000e3b80000,0x00000000e4d33998,0x00000000e5380000)
  to   space 25600K, 0% used [0x00000000e7f80000,0x00000000e7f80000,0x00000000e9880000)
 ParOldGen       total 123904K, used 48867K [0x0000000080000000, 0x0000000087900000, 0x00000000d5580000)
  object space 123904K, 39% used [0x0000000080000000,0x0000000082fb8f98,0x0000000087900000)
 Metaspace       used 104889K, capacity 109338K, committed 109772K, reserved 1144832K
  class space    used 13525K, capacity 14492K, committed 14592K, reserved 1048576K
}

