# JRE version: OpenJDK Runtime Environment (8.0_242-b01) (build 1.8.0_242-release-1644-b01)
# Java VM: OpenJDK 64-Bit Server VM (25.242-b01 mixed mode windows-amd64 compressed oops)
Heap:
 PSYoungGen      total 300032K, used 65242K [0x00000000d5580000, 0x00000000eba80000, 0x0000000100000000)
  eden space 264704K, 11% used [0x00000000d5580000,0x00000000d72b8dc8,0x00000000e5800000)
  from space 35328K, 99% used [0x00000000e8200000,0x00000000ea47dc90,0x00000000ea480000)
  to   space 43008K, 0% used [0x00000000e5800000,0x00000000e5800000,0x00000000e8200000)
 ParOldGen       total 129024K, used 80318K [0x0000000080000000, 0x0000000087e00000, 0x00000000d5580000)
  object space 129024K, 62% used [0x0000000080000000,0x0000000084e6fb18,0x0000000087e00000)
 Metaspace       used 134740K, capacity 142280K, committed 142424K, reserved 1173504K
  class space    used 17767K, capacity 19295K, committed 19328K, reserved 1048576K
GC Heap History (10 events):
Event: 895.781 GC heap before
{Heap before GC invocations=26 (full 4):
 PSYoungGen      total 194048K, used 168448K [0x00000000d5580000, 0x00000000e5280000, 0x0000000100000000)
  eden space 168448K, 100% used [0x00000000d5580000,0x00000000dfa00000,0x00000000dfa00000)
  from space 25600K, 0% used [0x00000000dfa00000,0x00000000dfa00000,0x00000000e1300000)
  to   space 25600K, 0% used [0x00000000e3980000,0x00000000e3980000,0x00000000e5280000)
 ParOldGen       total 129024K, used 52644K [0x0000000080000000, 0x0000000087e00000, 0x00000000d5580000)
  object space 129024K, 40% used [0x0000000080000000,0x0000000083369268,0x0000000087e00000)
 Metaspace       used 104340K, capacity 109428K, committed 109656K, reserved 1144832K
  class space    used 13927K, capacity 14962K, committed 14976K, reserved 1048576K
Event: 895.838 GC heap after
Heap after GC invocations=26 (full 4):
 PSYoungGen      total 230912K, used 21417K [0x00000000d5580000, 0x00000000e5700000, 0x0000000100000000)
  eden space 205312K, 0% used [0x00000000d5580000,0x00000000d5580000,0x00000000e1e00000)
  from space 25600K, 83% used [0x00000000e3980000,0x00000000e4e6a498,0x00000000e5280000)
  to   space 28160K, 0% used [0x00000000e1e00000,0x00000000e1e00000,0x00000000e3980000)
 ParOldGen       total 129024K, used 52652K [0x0000000080000000, 0x0000000087e00000, 0x00000000d5580000)
  object space 129024K, 40% used [0x0000000080000000,0x000000008336b268,0x0000000087e00000)
 Metaspace       used 104340K, capacity 109428K, committed 109656K, reserved 1144832K
  class space    used 13927K, capacity 14962K, committed 14976K, reserved 1048576K
}
Event: 901.184 GC heap before
{Heap before GC invocations=27 (full 4):
 PSYoungGen      total 230912K, used 226729K [0x00000000d5580000, 0x00000000e5700000, 0x0000000100000000)
  eden space 205312K, 100% used [0x00000000d5580000,0x00000000e1e00000,0x00000000e1e00000)
  from space 25600K, 83% used [0x00000000e3980000,0x00000000e4e6a498,0x00000000e5280000)
  to   space 28160K, 0% used [0x00000000e1e00000,0x00000000e1e00000,0x00000000e3980000)
 ParOldGen       total 129024K, used 52652K [0x0000000080000000, 0x0000000087e00000, 0x00000000d5580000)
  object space 129024K, 40% used [0x0000000080000000,0x000000008336b268,0x0000000087e00000)
 Metaspace       used 110095K, capacity 115548K, committed 115672K, reserved 1148928K
  class space    used 14697K, capacity 15824K, committed 15872K, reserved 1048576K
Event: 901.268 GC heap after
Heap after GC invocations=27 (full 4):
 PSYoungGen      total 233472K, used 28152K [0x00000000d5580000, 0x00000000e8780000, 0x0000000100000000)
  eden space 205312K, 0% used [0x00000000d5580000,0x00000000d5580000,0x00000000e1e00000)
  from space 28160K, 99% used [0x00000000e1e00000,0x00000000e397e310,0x00000000e3980000)
  to   space 32768K, 0% used [0x00000000e6780000,0x00000000e6780000,0x00000000e8780000)
 ParOldGen       total 129024K, used 52880K [0x0000000080000000, 0x0000000087e00000, 0x00000000d5580000)
  object space 129024K, 40% used [0x0000000080000000,0x00000000833a4308,0x0000000087e00000)
 Metaspace       used 110095K, capacity 115548K, committed 115672K, reserved 1148928K
  class space    used 14697K, capacity 15824K, committed 15872K, reserved 1048576K
}
Event: 949.670 GC heap before
{Heap before GC invocations=28 (full 4):
 PSYoungGen      total 233472K, used 233464K [0x00000000d5580000, 0x00000000e8780000, 0x0000000100000000)
  eden space 205312K, 100% used [0x00000000d5580000,0x00000000e1e00000,0x00000000e1e00000)
  from space 28160K, 99% used [0x00000000e1e00000,0x00000000e397e310,0x00000000e3980000)
  to   space 32768K, 0% used [0x00000000e6780000,0x00000000e6780000,0x00000000e8780000)
 ParOldGen       total 129024K, used 52880K [0x0000000080000000, 0x0000000087e00000, 0x00000000d5580000)
  object space 129024K, 40% used [0x0000000080000000,0x00000000833a4308,0x0000000087e00000)
 Metaspace       used 120720K, capacity 126448K, committed 126552K, reserved 1159168K
  class space    used 15808K, capacity 16973K, committed 17024K, reserved 1048576K
Event: 949.814 GC heap after
Heap after GC invocations=28 (full 4):
 PSYoungGen      total 266240K, used 12242K [0x00000000d5580000, 0x00000000e7f00000, 0x0000000100000000)
  eden space 242176K, 0% used [0x00000000d5580000,0x00000000d5580000,0x00000000e4200000)
  from space 24064K, 50% used [0x00000000e6780000,0x00000000e7374998,0x00000000e7f00000)
  to   space 31232K, 0% used [0x00000000e4200000,0x00000000e4200000,0x00000000e6080000)
 ParOldGen       total 129024K, used 74818K [0x0000000080000000, 0x0000000087e00000, 0x00000000d5580000)
  object space 129024K, 57% used [0x0000000080000000,0x0000000084910910,0x0000000087e00000)
 Metaspace       used 120720K, capacity 126448K, committed 126552K, reserved 1159168K
  class space    used 15808K, capacity 16973K, committed 17024K, reserved 1048576K
}
Event: 978.964 GC heap before
{Heap before GC invocations=29 (full 4):
 PSYoungGen      total 266240K, used 254418K [0x00000000d5580000, 0x00000000e7f00000, 0x0000000100000000)
  eden space 242176K, 100% used [0x00000000d5580000,0x00000000e4200000,0x00000000e4200000)
  from space 24064K, 50% used [0x00000000e6780000,0x00000000e7374998,0x00000000e7f00000)
  to   space 31232K, 0% used [0x00000000e4200000,0x00000000e4200000,0x00000000e6080000)
 ParOldGen       total 129024K, used 74818K [0x0000000080000000, 0x0000000087e00000, 0x00000000d5580000)
  object space 129024K, 57% used [0x0000000080000000,0x0000000084910910,0x0000000087e00000)
 Metaspace       used 123564K, capacity 129520K, committed 129752K, reserved 1161216K
  class space    used 16080K, capacity 17297K, committed 17408K, reserved 1048576K
Event: 979.652 GC heap after
Heap after GC invocations=29 (full 4):
 PSYoungGen      total 273408K, used 30067K [0x00000000d5580000, 0x00000000ea480000, 0x0000000100000000)
  eden space 242176K, 0% used [0x00000000d5580000,0x00000000d5580000,0x00000000e4200000)
  from space 31232K, 96% used [0x00000000e4200000,0x00000000e5f5cea8,0x00000000e6080000)
  to   space 35328K, 0% used [0x00000000e8200000,0x00000000e8200000,0x00000000ea480000)
 ParOldGen       total 129024K, used 74826K [0x0000000080000000, 0x0000000087e00000, 0x00000000d5580000)
  object space 129024K, 57% used [0x0000000080000000,0x0000000084912910,0x0000000087e00000)
 Metaspace       used 123564K, capacity 129520K, committed 129752K, reserved 1161216K
  class space    used 16080K, capacity 17297K, committed 17408K, reserved 1048576K
}
Event: 987.655 GC heap before
{Heap before GC invocations=30 (full 4):
 PSYoungGen      total 273408K, used 272243K [0x00000000d5580000, 0x00000000ea480000, 0x0000000100000000)
  eden space 242176K, 100% used [0x00000000d5580000,0x00000000e4200000,0x00000000e4200000)
  from space 31232K, 96% used [0x00000000e4200000,0x00000000e5f5cea8,0x00000000e6080000)
  to   space 35328K, 0% used [0x00000000e8200000,0x00000000e8200000,0x00000000ea480000)
 ParOldGen       total 129024K, used 74826K [0x0000000080000000, 0x0000000087e00000, 0x00000000d5580000)
  object space 129024K, 57% used [0x0000000080000000,0x0000000084912910,0x0000000087e00000)
 Metaspace       used 133972K, capacity 141434K, committed 141528K, reserved 1171456K
  class space    used 17616K, capacity 19140K, committed 19200K, reserved 1048576K
Event: 988.835 GC heap after
Heap after GC invocations=30 (full 4):
 PSYoungGen      total 300032K, used 35319K [0x00000000d5580000, 0x00000000eba80000, 0x0000000100000000)
  eden space 264704K, 0% used [0x00000000d5580000,0x00000000d5580000,0x00000000e5800000)
  from space 35328K, 99% used [0x00000000e8200000,0x00000000ea47dc90,0x00000000ea480000)
  to   space 43008K, 0% used [0x00000000e5800000,0x00000000e5800000,0x00000000e8200000)
 ParOldGen       total 129024K, used 80318K [0x0000000080000000, 0x0000000087e00000, 0x00000000d5580000)
  object space 129024K, 62% used [0x0000000080000000,0x0000000084e6fb18,0x0000000087e00000)
 Metaspace       used 133972K, capacity 141434K, committed 141528K, reserved 1171456K
  class space    used 17616K, capacity 19140K, committed 19200K, reserved 1048576K
}

