# JRE version: OpenJDK Runtime Environment (8.0_242-b01) (build 1.8.0_242-release-1644-b01)
# Java VM: OpenJDK 64-Bit Server VM (25.242-b01 mixed mode windows-amd64 compressed oops)
Heap:
 PSYoungGen      total 352256K, used 169783K [0x00000000d5580000, 0x00000000f2700000, 0x0000000100000000)
  eden space 302080K, 39% used [0x00000000d5580000,0x00000000dca55cc8,0x00000000e7c80000)
  from space 50176K, 99% used [0x00000000e7c80000,0x00000000ead781c0,0x00000000ead80000)
  to   space 64000K, 0% used [0x00000000ee880000,0x00000000ee880000,0x00000000f2700000)
 ParOldGen       total 154112K, used 118971K [0x0000000080000000, 0x0000000089680000, 0x00000000d5580000)
  object space 154112K, 77% used [0x0000000080000000,0x000000008742ec38,0x0000000089680000)
 Metaspace       used 98231K, capacity 103804K, committed 104024K, reserved 1138688K
  class space    used 12850K, capacity 13880K, committed 13952K, reserved 1048576K
GC Heap History (10 events):
Event: 126.781 GC heap before
{Heap before GC invocations=23 (full 4):
 PSYoungGen      total 262656K, used 259783K [0x00000000d5580000, 0x00000000e8100000, 0x0000000100000000)
  eden space 229888K, 100% used [0x00000000d5580000,0x00000000e3600000,0x00000000e3600000)
  from space 32768K, 91% used [0x00000000e5a80000,0x00000000e77b1db0,0x00000000e7a80000)
  to   space 37376K, 0% used [0x00000000e3600000,0x00000000e3600000,0x00000000e5a80000)
 ParOldGen       total 154112K, used 80764K [0x0000000080000000, 0x0000000089680000, 0x00000000d5580000)
  object space 154112K, 52% used [0x0000000080000000,0x0000000084edf040,0x0000000089680000)
 Metaspace       used 85914K, capacity 90608K, committed 90840K, reserved 1128448K
  class space    used 11571K, capacity 12468K, committed 12544K, reserved 1048576K
Event: 127.699 GC heap after
Heap after GC invocations=23 (full 4):
 PSYoungGen      total 267264K, used 37353K [0x00000000d5580000, 0x00000000ebe80000, 0x0000000100000000)
  eden space 229888K, 0% used [0x00000000d5580000,0x00000000d5580000,0x00000000e3600000)
  from space 37376K, 99% used [0x00000000e3600000,0x00000000e5a7a400,0x00000000e5a80000)
  to   space 50176K, 0% used [0x00000000e8d80000,0x00000000e8d80000,0x00000000ebe80000)
 ParOldGen       total 154112K, used 96868K [0x0000000080000000, 0x0000000089680000, 0x00000000d5580000)
  object space 154112K, 62% used [0x0000000080000000,0x0000000085e99108,0x0000000089680000)
 Metaspace       used 85914K, capacity 90608K, committed 90840K, reserved 1128448K
  class space    used 11571K, capacity 12468K, committed 12544K, reserved 1048576K
}
Event: 191.734 GC heap before
{Heap before GC invocations=24 (full 4):
 PSYoungGen      total 267264K, used 267241K [0x00000000d5580000, 0x00000000ebe80000, 0x0000000100000000)
  eden space 229888K, 100% used [0x00000000d5580000,0x00000000e3600000,0x00000000e3600000)
  from space 37376K, 99% used [0x00000000e3600000,0x00000000e5a7a400,0x00000000e5a80000)
  to   space 50176K, 0% used [0x00000000e8d80000,0x00000000e8d80000,0x00000000ebe80000)
 ParOldGen       total 154112K, used 96868K [0x0000000080000000, 0x0000000089680000, 0x00000000d5580000)
  object space 154112K, 62% used [0x0000000080000000,0x0000000085e99108,0x0000000089680000)
 Metaspace       used 86434K, capacity 91244K, committed 91352K, reserved 1128448K
  class space    used 11589K, capacity 12494K, committed 12544K, reserved 1048576K
Event: 194.395 GC heap after
Heap after GC invocations=24 (full 4):
 PSYoungGen      total 316416K, used 34950K [0x00000000d5580000, 0x00000000ec300000, 0x0000000100000000)
  eden space 266240K, 0% used [0x00000000d5580000,0x00000000d5580000,0x00000000e5980000)
  from space 50176K, 69% used [0x00000000e8d80000,0x00000000eafa1978,0x00000000ebe80000)
  to   space 53248K, 0% used [0x00000000e5980000,0x00000000e5980000,0x00000000e8d80000)
 ParOldGen       total 154112K, used 103050K [0x0000000080000000, 0x0000000089680000, 0x00000000d5580000)
  object space 154112K, 66% used [0x0000000080000000,0x00000000864a2930,0x0000000089680000)
 Metaspace       used 86434K, capacity 91244K, committed 91352K, reserved 1128448K
  class space    used 11589K, capacity 12494K, committed 12544K, reserved 1048576K
}
Event: 360.653 GC heap before
{Heap before GC invocations=25 (full 4):
 PSYoungGen      total 316416K, used 301190K [0x00000000d5580000, 0x00000000ec300000, 0x0000000100000000)
  eden space 266240K, 100% used [0x00000000d5580000,0x00000000e5980000,0x00000000e5980000)
  from space 50176K, 69% used [0x00000000e8d80000,0x00000000eafa1978,0x00000000ebe80000)
  to   space 53248K, 0% used [0x00000000e5980000,0x00000000e5980000,0x00000000e8d80000)
 ParOldGen       total 154112K, used 103050K [0x0000000080000000, 0x0000000089680000, 0x00000000d5580000)
  object space 154112K, 66% used [0x0000000080000000,0x00000000864a2930,0x0000000089680000)
 Metaspace       used 91727K, capacity 96684K, committed 96856K, reserved 1132544K
  class space    used 12179K, capacity 13110K, committed 13184K, reserved 1048576K
Event: 361.826 GC heap after
Heap after GC invocations=25 (full 4):
 PSYoungGen      total 319488K, used 20561K [0x00000000d5580000, 0x00000000ee180000, 0x0000000100000000)
  eden space 266240K, 0% used [0x00000000d5580000,0x00000000d5580000,0x00000000e5980000)
  from space 53248K, 38% used [0x00000000e5980000,0x00000000e6d94630,0x00000000e8d80000)
  to   space 50688K, 0% used [0x00000000eb000000,0x00000000eb000000,0x00000000ee180000)
 ParOldGen       total 154112K, used 103058K [0x0000000080000000, 0x0000000089680000, 0x00000000d5580000)
  object space 154112K, 66% used [0x0000000080000000,0x00000000864a4930,0x0000000089680000)
 Metaspace       used 91727K, capacity 96684K, committed 96856K, reserved 1132544K
  class space    used 12179K, capacity 13110K, committed 13184K, reserved 1048576K
}
Event: 416.525 GC heap before
{Heap before GC invocations=26 (full 4):
 PSYoungGen      total 319488K, used 286792K [0x00000000d5580000, 0x00000000ee180000, 0x0000000100000000)
  eden space 266240K, 99% used [0x00000000d5580000,0x00000000e597dc38,0x00000000e5980000)
  from space 53248K, 38% used [0x00000000e5980000,0x00000000e6d94630,0x00000000e8d80000)
  to   space 50688K, 0% used [0x00000000eb000000,0x00000000eb000000,0x00000000ee180000)
 ParOldGen       total 154112K, used 103058K [0x0000000080000000, 0x0000000089680000, 0x00000000d5580000)
  object space 154112K, 66% used [0x0000000080000000,0x00000000864a4930,0x0000000089680000)
 Metaspace       used 95224K, capacity 100468K, committed 100824K, reserved 1136640K
  class space    used 12507K, capacity 13462K, committed 13568K, reserved 1048576K
Event: 417.965 GC heap after
Heap after GC invocations=26 (full 4):
 PSYoungGen      total 349696K, used 26518K [0x00000000d5580000, 0x00000000ede80000, 0x0000000100000000)
  eden space 302080K, 0% used [0x00000000d5580000,0x00000000d5580000,0x00000000e7c80000)
  from space 47616K, 55% used [0x00000000eb000000,0x00000000ec9e5a00,0x00000000ede80000)
  to   space 50176K, 0% used [0x00000000e7c80000,0x00000000e7c80000,0x00000000ead80000)
 ParOldGen       total 154112K, used 103066K [0x0000000080000000, 0x0000000089680000, 0x00000000d5580000)
  object space 154112K, 66% used [0x0000000080000000,0x00000000864a6930,0x0000000089680000)
 Metaspace       used 95224K, capacity 100468K, committed 100824K, reserved 1136640K
  class space    used 12507K, capacity 13462K, committed 13568K, reserved 1048576K
}
Event: 434.040 GC heap before
{Heap before GC invocations=27 (full 4):
 PSYoungGen      total 349696K, used 328598K [0x00000000d5580000, 0x00000000ede80000, 0x0000000100000000)
  eden space 302080K, 100% used [0x00000000d5580000,0x00000000e7c80000,0x00000000e7c80000)
  from space 47616K, 55% used [0x00000000eb000000,0x00000000ec9e5a00,0x00000000ede80000)
  to   space 50176K, 0% used [0x00000000e7c80000,0x00000000e7c80000,0x00000000ead80000)
 ParOldGen       total 154112K, used 103066K [0x0000000080000000, 0x0000000089680000, 0x00000000d5580000)
  object space 154112K, 66% used [0x0000000080000000,0x00000000864a6930,0x0000000089680000)
 Metaspace       used 97240K, capacity 102800K, committed 102872K, reserved 1138688K
  class space    used 12762K, capacity 13776K, committed 13824K, reserved 1048576K
Event: 435.265 GC heap after
Heap after GC invocations=27 (full 4):
 PSYoungGen      total 352256K, used 50144K [0x00000000d5580000, 0x00000000f2700000, 0x0000000100000000)
  eden space 302080K, 0% used [0x00000000d5580000,0x00000000d5580000,0x00000000e7c80000)
  from space 50176K, 99% used [0x00000000e7c80000,0x00000000ead781c0,0x00000000ead80000)
  to   space 64000K, 0% used [0x00000000ee880000,0x00000000ee880000,0x00000000f2700000)
 ParOldGen       total 154112K, used 118971K [0x0000000080000000, 0x0000000089680000, 0x00000000d5580000)
  object space 154112K, 77% used [0x0000000080000000,0x000000008742ec38,0x0000000089680000)
 Metaspace       used 97240K, capacity 102800K, committed 102872K, reserved 1138688K
  class space    used 12762K, capacity 13776K, committed 13824K, reserved 1048576K
}

